<?xml version="1.0" encoding="UTF-8"?>
<!-- Generated by org.testng.reporters.JUnitReportReporter -->
<testsuite hostname="LTIN192298" failures="0" tests="1" name="cucumberOptions.TestNGTestRunner" time="83.367" errors="0" timestamp="2024-04-22T13:18:10 IST" skipped="0">
  <testcase classname="cucumberOptions.TestNGTestRunner" name="runScenario" time="83.367"/>
  <system-out/>
</testsuite> <!-- cucumberOptions.TestNGTestRunner -->
